<?xml version="1.0" encoding="UTF-8"?>
<!-- Generated by org.testng.reporters.JUnitXMLReporter -->
<testsuite ignored="0" hostname="Kartheekslaptop" failures="0" tests="2" name="Default test" time="5.039" errors="0" timestamp="2020-08-15T15:05:16 IST">
  <testcase classname="_23_webdriverpractice.pageobjects.pagefactory.BasicTestsRefactored" name="chooseToCodeInCppOnDesktop" time="1.746"/>
  <testcase classname="_23_webdriverpractice.pageobjects.pagefactory.BasicTestsRefactored" name="chooseToCodeInJavaOnTheServerFromCombosSyncOnAjaxBusyExample" time="2.028"/>
</testsuite> <!-- Default test -->
