<?xml version="1.0" encoding="UTF-8"?>
<testng-results ignored="0" total="1" passed="1" failed="0" skipped="0">
  <reporter-output>
  </reporter-output>
  <suite started-at="2020-06-15T08:03:27 IST" name="Default suite" finished-at="2020-06-15T08:03:34 IST" duration-ms="7093">
    <groups>
    </groups>
    <test started-at="2020-06-15T08:03:27 IST" name="Default test" finished-at="2020-06-15T08:03:34 IST" duration-ms="7093">
      <class name="webdriverpractice.cookies.CookiesExampleTest">
        <test-method is-config="true" signature="setUp()[pri:0, instance:webdriverpractice.cookies.CookiesExampleTest@6973bf95]" started-at="2020-06-15T08:03:27 IST" name="setUp" finished-at="2020-06-15T08:03:34 IST" duration-ms="6616" status="PASS">
          <reporter-output>
          </reporter-output>
        </test-method> <!-- setUp -->
        <test-method signature="interactWithCookies()[pri:0, instance:webdriverpractice.cookies.CookiesExampleTest@6973bf95]" started-at="2020-06-15T08:03:34 IST" name="interactWithCookies" finished-at="2020-06-15T08:03:34 IST" duration-ms="442" status="PASS">
          <reporter-output>
          </reporter-output>
        </test-method> <!-- interactWithCookies -->
      </class> <!-- webdriverpractice.cookies.CookiesExampleTest -->
    </test> <!-- Default test -->
  </suite> <!-- Default suite -->
</testng-results>
