<?xml version="1.0" encoding="UTF-8"?>
<testng-results ignored="0" total="2" passed="2" failed="0" skipped="0">
  <reporter-output>
  </reporter-output>
  <suite started-at="2020-08-15T15:05:11 IST" name="Default suite" finished-at="2020-08-15T15:05:16 IST" duration-ms="5039">
    <groups>
    </groups>
    <test started-at="2020-08-15T15:05:11 IST" name="Default test" finished-at="2020-08-15T15:05:16 IST" duration-ms="5039">
      <class name="_23_webdriverpractice.pageobjects.pagefactory.BasicTestsRefactored">
        <test-method is-config="true" signature="setupTest()[pri:0, instance:_23_webdriverpractice.pageobjects.pagefactory.BasicTestsRefactored@f27ea3]" started-at="2020-08-15T15:05:11 IST" name="setupTest" finished-at="2020-08-15T15:05:11 IST" duration-ms="8" status="PASS">
          <reporter-output>
          </reporter-output>
        </test-method> <!-- setupTest -->
        <test-method is-config="true" signature="getPage()[pri:0, instance:_23_webdriverpractice.pageobjects.pagefactory.BasicTestsRefactored@f27ea3]" started-at="2020-08-15T15:05:11 IST" name="getPage" finished-at="2020-08-15T15:05:12 IST" duration-ms="1142" status="PASS">
          <reporter-output>
          </reporter-output>
        </test-method> <!-- getPage -->
        <test-method signature="chooseToCodeInCppOnDesktop()[pri:0, instance:_23_webdriverpractice.pageobjects.pagefactory.BasicTestsRefactored@f27ea3]" started-at="2020-08-15T15:05:12 IST" name="chooseToCodeInCppOnDesktop" finished-at="2020-08-15T15:05:14 IST" duration-ms="1746" status="PASS">
          <reporter-output>
          </reporter-output>
        </test-method> <!-- chooseToCodeInCppOnDesktop -->
        <test-method is-config="true" signature="getPage()[pri:0, instance:_23_webdriverpractice.pageobjects.pagefactory.BasicTestsRefactored@f27ea3]" started-at="2020-08-15T15:05:14 IST" name="getPage" finished-at="2020-08-15T15:05:14 IST" duration-ms="88" status="PASS">
          <reporter-output>
          </reporter-output>
        </test-method> <!-- getPage -->
        <test-method signature="chooseToCodeInJavaOnTheServerFromCombosSyncOnAjaxBusyExample()[pri:0, instance:_23_webdriverpractice.pageobjects.pagefactory.BasicTestsRefactored@f27ea3]" started-at="2020-08-15T15:05:14 IST" name="chooseToCodeInJavaOnTheServerFromCombosSyncOnAjaxBusyExample" finished-at="2020-08-15T15:05:16 IST" duration-ms="2028" status="PASS">
          <reporter-output>
          </reporter-output>
        </test-method> <!-- chooseToCodeInJavaOnTheServerFromCombosSyncOnAjaxBusyExample -->
        <test-method is-config="true" signature="closeBrowser()[pri:0, instance:_23_webdriverpractice.pageobjects.pagefactory.BasicTestsRefactored@f27ea3]" started-at="2020-08-15T15:05:16 IST" name="closeBrowser" finished-at="2020-08-15T15:05:16 IST" duration-ms="65" status="PASS">
          <reporter-output>
          </reporter-output>
        </test-method> <!-- closeBrowser -->
      </class> <!-- _23_webdriverpractice.pageobjects.pagefactory.BasicTestsRefactored -->
    </test> <!-- Default test -->
  </suite> <!-- Default suite -->
</testng-results>
